time="2024-07-06T14:18:36+03:00" level=info msg="create router" func="main.main()" file="main.go:43"
time="2024-07-06T14:18:36+03:00" level=info msg="register user handlers" func="main.main()" file="main.go:48"
time="2024-07-06T14:22:52+03:00" level=info msg="create router" func="main.main()" file="main.go:16"
time="2024-07-06T14:22:52+03:00" level=info msg="register user handlers" func="main.main()" file="main.go:21"
time="2024-07-06T14:23:00+03:00" level=info msg="Login info log" func="go-contacts/models.Login()" file="accounts.go:78"
time="2024-07-06T14:23:00+03:00" level=info msg=informattttttt func="go-contacts/models.Login()" file="accounts.go:80"
time="2024-07-06T18:24:32+03:00" level=debug msg="debug log" func="main.main()" file="main.go:16"
time="2024-07-06T18:24:32+03:00" level=info msg="create router" func="main.main()" file="main.go:18"
time="2024-07-06T18:24:32+03:00" level=info msg="register user handlers" func="main.main()" file="main.go:22"
time="2024-07-06T18:27:03+03:00" level=info msg="create router" func="main.main()" file="main.go:17"
time="2024-07-06T18:27:03+03:00" level=fatal msg="fatal log" func="main.main()" file="main.go:21"
time="2024-07-06T18:29:49+03:00" level=fatal msg="couldn't open the database" func="go-contacts/models.init.0()" file="base.go:30"
time="2024-08-29T23:27:07+03:00" level=fatal msg="couldn't open the database" func="go-contacts/models.init.0()" file="base.go:30"
time="2024-08-30T11:16:26+03:00" level=fatal msg="couldn't open the database" func="go-contacts/models.init.0()" file="base.go:30"
time="2024-08-30T11:20:08+03:00" level=fatal msg="couldn't open the database" func="go-contacts/models.init.0()" file="base.go:30"
time="2024-08-30T11:22:29+03:00" level=fatal msg="couldn't open the database" func="go-contacts/models.init.0()" file="base.go:32"
time="2024-08-30T11:22:56+03:00" level=fatal msg="couldn't open the database" func="go-contacts/models.init.0()" file="base.go:32"
time="2024-08-30T11:23:54+03:00" level=fatal msg="couldn't open the database" func="go-contacts/models.init.0()" file="base.go:32"
time="2024-08-30T11:28:49+03:00" level=info msg="create router" func="main.main()" file="main.go:17"
time="2024-08-30T11:28:49+03:00" level=info msg="register user handlers" func="main.main()" file="main.go:21"
time="2024-08-30T11:35:11+03:00" level=info msg="The contact has been successfully confirmed" func="go-contacts/models.(*Contact).Validate()" file="contact.go:29"
time="2024-08-31T23:46:57+03:00" level=info msg="create router" func="main.main()" file="main.go:17"
time="2024-08-31T23:46:57+03:00" level=info msg="register user handlers" func="main.main()" file="main.go:21"
time="2024-08-31T23:51:53+03:00" level=info msg="The contact has been successfully confirmed" func="go-contacts/models.(*Contact).Validate()" file="contact.go:29"
time="2024-08-31T23:53:01+03:00" level=info msg="The contact has been successfully confirmed" func="go-contacts/models.(*Contact).Validate()" file="contact.go:29"
time="2024-09-01T00:08:58+03:00" level=info msg="The contact has been successfully confirmed" func="go-contacts/models.(*Contact).Validate()" file="contact.go:29"
time="2024-09-01T00:09:58+03:00" level=info msg="The contact has been successfully confirmed" func="go-contacts/models.(*Contact).Validate()" file="contact.go:29"
time="2024-09-01T00:23:29+03:00" level=info msg="The contact has been successfully confirmed" func="go-contacts/models.(*Contact).Validate()" file="contact.go:29"
time="2024-09-13T19:22:47+03:00" level=info msg="create router" func="main.main()" file="main.go:17"
time="2024-09-13T19:22:47+03:00" level=info msg="register user handlers" func="main.main()" file="main.go:21"
time="2024-09-16T11:34:43+03:00" level=info msg="create router" func="main.main()" file="main.go:17"
time="2024-09-16T11:34:43+03:00" level=info msg="register user handlers" func="main.main()" file="main.go:21"
time="2024-09-16T11:36:24+03:00" level=info msg="The contact has been successfully confirmed" func="go-contacts/models.(*Contact).Validate()" file="contact.go:29"
